2019-06-02 23:30:19,223 - BrowserEngine - INFO - Starting Chrome browser.
2019-06-02 23:30:22,366 - BrowserEngine - INFO - Open url: http://www.baidu.com/
2019-06-02 23:30:22,366 - BrowserEngine - INFO - Maximize the current window.
2019-06-02 23:30:22,367 - BrowserEngine - INFO - Set implicitly wait 2 seconds.
2019-06-02 23:30:22,391 - ElementOperation - INFO - Positioned the element ('id', 'kw')[0].
2019-06-02 23:30:22,519 - ElementOperation - INFO - SendKeys  -->  ('id', 'kw')[0] success
2019-06-02 23:30:22,542 - ElementOperation - INFO - Positioned the element ('id', 'su')[0].
2019-06-02 23:30:22,586 - ElementOperation - INFO - Click  -->  ('id', 'su')[0] success
2019-06-02 23:30:23,848 - ElementOperation - INFO - Positioned the element ('class name', 'nums_text')[0].
2019-06-02 23:30:24,250 - ElementOperation - INFO - Positioned the elements ('xpath', '//*[@id = "content_left"]//*[@class = "t"]').
2019-06-02 23:30:24,410 - Baidu > Index - INFO - ['Python大法好 - 微信公众号:虾神daxialu(咨询问题请加) - CSDN博客', '专栏:Python大法好 - CSDN博客', 'Python大法好', 'python大法好——面向对象 - null? - 博客园', '如何理解python大法好? - 知乎', 'python大法好——网络编程 - null? - 博客园', 'Python大法好啊 - 简书', 'python大法好,这些你可不要忽略了! - 云+社区 - 腾讯云', '如何理解python大法好_百度知道']
2019-06-02 23:30:24,454 - ElementOperation - INFO - Positioned the element ('id', 'kw')[0].
2019-06-02 23:30:24,702 - ElementOperation - INFO - SendKeys  -->  ('id', 'kw')[0] success
2019-06-02 23:30:24,721 - ElementOperation - INFO - Positioned the element ('id', 'su')[0].
2019-06-02 23:30:24,778 - ElementOperation - INFO - Click  -->  ('id', 'su')[0] success
2019-06-02 23:30:24,893 - ElementOperation - INFO - Positioned the elements ('xpath', '//*[@id = "content_left"]//*[@class = "t"]').
2019-06-02 23:30:25,046 - ElementOperation - INFO - The text of the target element is "['Python大法好 - 微信公众号:虾神daxialu(咨询问题请加) - CSDN博客', '专栏:Python大法好 - CSDN博客', 'Python大法好', 'python大法好——面向对象 - null? - 博客园', '如何理解python大法好? - 知乎', 'python大法好——网络编程 - null? - 博客园', 'Python大法好啊 - 简书', 'python大法好,这些你可不要忽略了! - 云+社区 - 腾讯云', '如何理解python大法好_百度知道']",the actual text is "['Python大法好 - 微信公众号:虾神daxialu(咨询问题请加) - CSDN博客', '专栏:Python大法好 - CSDN博客', 'Python大法好', 'python大法好——面向对象 - null? - 博客园', '如何理解python大法好? - 知乎', 'python大法好——网络编程 - null? - 博客园', 'Python大法好啊 - 简书', 'python大法好,这些你可不要忽略了! - 云+社区 - 腾讯云', '如何理解python大法好_百度知道']"...
Start matching>>>>>>
2019-06-02 23:30:25,047 - ElementOperation - INFO - Sleep for 0.5 seconds
2019-06-02 23:30:26,069 - ElementOperation - INFO - Positioned the elements ('xpath', '//*[@id = "content_left"]//*[@class = "t"]').
2019-06-02 23:30:26,213 - ElementOperation - INFO - The text of the target element is "['Python大法好 - 微信公众号:虾神daxialu(咨询问题请加) - CSDN博客', '专栏:Python大法好 - CSDN博客', 'Python大法好', 'python大法好——面向对象 - null? - 博客园', '如何理解python大法好? - 知乎', 'python大法好——网络编程 - null? - 博客园', 'Python大法好啊 - 简书', 'python大法好,这些你可不要忽略了! - 云+社区 - 腾讯云', '如何理解python大法好_百度知道']",the actual text is "['为何说人生苦短我用Python', 'Python崛起:“人生苦短,我用Python”并非一句戏言 - qq..._CSDN博客', '为什么说”人生苦短,我用python“? - IT。拾荒者 - 博客园', '为什么说”人生苦短,我用python“? - ZhangQiye1993的..._CSDN博客', '为什么说《人生苦短我用 Python 》,我感觉应该是《我用 Python ...', '“人生苦短,我用Python” 不解释,先上车', '人生苦短,我用Python', '人生苦短,我用Python(目录) - WuSir_ZJ - 博客园', '“人生苦短,我用Python” - 简书']"...
Start matching>>>>>>
2019-06-02 23:30:26,213 - ElementOperation - INFO - Matching success！
2019-06-02 23:30:26,298 - ElementOperation - INFO - Positioned the elements ('xpath', '//*[@id = "content_left"]//*[@class = "t"]').
2019-06-02 23:30:26,406 - Baidu > Index - INFO - ['为何说人生苦短我用Python', 'Python崛起:“人生苦短,我用Python”并非一句戏言 - qq..._CSDN博客', '为什么说”人生苦短,我用python“? - IT。拾荒者 - 博客园', '为什么说”人生苦短,我用python“? - ZhangQiye1993的..._CSDN博客', '为什么说《人生苦短我用 Python 》,我感觉应该是《我用 Python ...', '“人生苦短,我用Python” 不解释,先上车', '人生苦短,我用Python', '人生苦短,我用Python(目录) - WuSir_ZJ - 博客园', '“人生苦短,我用Python” - 简书']
2019-06-02 23:30:31,494 - BrowserEngine - INFO - Starting Chrome browser.
2019-06-02 23:30:35,157 - BrowserEngine - INFO - Open url: http://www.baidu.com/
2019-06-02 23:30:35,157 - BrowserEngine - INFO - Maximize the current window.
2019-06-02 23:30:35,159 - BrowserEngine - INFO - Set implicitly wait 2 seconds.
2019-06-02 23:30:35,201 - ElementOperation - INFO - Positioned the element ('link text', '新闻')[0].
2019-06-02 23:30:35,219 - ElementOperation - INFO - The text of the target element is "新闻",the actual text is "新闻"...
Start matching>>>>>>
2019-06-02 23:30:35,219 - ElementOperation - INFO - Matching success！
2019-06-02 23:30:35,244 - ElementOperation - INFO - Positioned the element ('link text', '新闻')[0].
2019-06-02 23:30:37,386 - ElementOperation - INFO - Click  -->  ('link text', '新闻')[0] success
2019-06-02 23:30:39,426 - ElementOperation - ERROR - Failed to position the element ('link text', '新闻')[0]!
2019-06-02 23:30:39,453 - ElementOperation - INFO - Positioned the element ('xpath', '//*[text()="国内"]')[0].
2019-06-02 23:30:39,485 - ElementOperation - INFO - Positioned the element ('id', 'imgView')[0].
2019-06-02 23:30:39,571 - ElementOperation - INFO - Click  -->  ('id', 'imgView')[0] success
2019-06-02 23:30:39,601 - ElementOperation - INFO - Closing current window.
