2019-06-02 23:31:15,200 - BrowserEngine - INFO - Starting Chrome browser.
2019-06-02 23:31:19,268 - BrowserEngine - INFO - Open url: http://www.baidu.com/
2019-06-02 23:31:19,268 - BrowserEngine - INFO - Maximize the current window.
2019-06-02 23:31:19,269 - BrowserEngine - INFO - Set implicitly wait 2 seconds.
2019-06-02 23:31:19,295 - ElementOperation - INFO - Positioned the element ('id', 'kw')[0].
2019-06-02 23:31:19,434 - ElementOperation - INFO - SendKeys  -->  ('id', 'kw')[0] success
2019-06-02 23:31:19,456 - ElementOperation - INFO - Positioned the element ('id', 'su')[0].
2019-06-02 23:31:19,510 - ElementOperation - INFO - Click  -->  ('id', 'su')[0] success
2019-06-02 23:31:20,139 - ElementOperation - INFO - Positioned the element ('class name', 'nums_text')[0].
2019-06-02 23:31:20,360 - ElementOperation - INFO - Positioned the elements ('xpath', '//*[@id = "content_left"]//*[@class = "t"]').
2019-06-02 23:31:20,529 - Baidu > Index - INFO - ['Python大法好 - 微信公众号:虾神daxialu(咨询问题请加) - CSDN博客', '专栏:Python大法好 - CSDN博客', 'Python大法好', 'python大法好——面向对象 - null? - 博客园', '如何理解python大法好? - 知乎', 'python大法好——网络编程 - null? - 博客园', 'Python大法好啊 - 简书', 'python大法好,这些你可不要忽略了! - 云+社区 - 腾讯云', '如何理解python大法好_百度知道']
2019-06-02 23:31:20,546 - ElementOperation - INFO - Positioned the element ('id', 'kw')[0].
2019-06-02 23:31:20,725 - ElementOperation - INFO - SendKeys  -->  ('id', 'kw')[0] success
2019-06-02 23:31:20,744 - ElementOperation - INFO - Positioned the element ('id', 'su')[0].
2019-06-02 23:31:20,794 - ElementOperation - INFO - Click  -->  ('id', 'su')[0] success
2019-06-02 23:31:20,894 - ElementOperation - INFO - Positioned the elements ('xpath', '//*[@id = "content_left"]//*[@class = "t"]').
2019-06-02 23:31:20,993 - ElementOperation - INFO - The text of the target element is "['Python大法好 - 微信公众号:虾神daxialu(咨询问题请加) - CSDN博客', '专栏:Python大法好 - CSDN博客', 'Python大法好', 'python大法好——面向对象 - null? - 博客园', '如何理解python大法好? - 知乎', 'python大法好——网络编程 - null? - 博客园', 'Python大法好啊 - 简书', 'python大法好,这些你可不要忽略了! - 云+社区 - 腾讯云', '如何理解python大法好_百度知道']",the actual text is "['Python大法好 - 微信公众号:虾神daxialu(咨询问题请加) - CSDN博客', '专栏:Python大法好 - CSDN博客', 'Python大法好', 'python大法好——面向对象 - null? - 博客园', '如何理解python大法好? - 知乎', 'python大法好——网络编程 - null? - 博客园', 'Python大法好啊 - 简书', 'python大法好,这些你可不要忽略了! - 云+社区 - 腾讯云', '如何理解python大法好_百度知道']"...
Start matching>>>>>>
2019-06-02 23:31:20,994 - ElementOperation - INFO - Sleep for 0.5 seconds
2019-06-02 23:31:22,275 - ElementOperation - INFO - The elements ('xpath', '//*[@id = "content_left"]//*[@class = "t"]') are not successfully positioned and will be retried after hibernation.
2019-06-02 23:31:22,276 - ElementOperation - INFO - Sleep for 0.5 seconds
2019-06-02 23:31:22,898 - ElementOperation - INFO - Positioned the elements ('xpath', '//*[@id = "content_left"]//*[@class = "t"]').
2019-06-02 23:31:23,035 - ElementOperation - INFO - The text of the target element is "['Python大法好 - 微信公众号:虾神daxialu(咨询问题请加) - CSDN博客', '专栏:Python大法好 - CSDN博客', 'Python大法好', 'python大法好——面向对象 - null? - 博客园', '如何理解python大法好? - 知乎', 'python大法好——网络编程 - null? - 博客园', 'Python大法好啊 - 简书', 'python大法好,这些你可不要忽略了! - 云+社区 - 腾讯云', '如何理解python大法好_百度知道']",the actual text is "['为何说人生苦短我用Python', 'Python崛起:“人生苦短,我用Python”并非一句戏言 - qq..._CSDN博客', '为什么说”人生苦短,我用python“? - IT。拾荒者 - 博客园', '为什么说”人生苦短,我用python“? - ZhangQiye1993的..._CSDN博客', '为什么说《人生苦短我用 Python 》,我感觉应该是《我用 Python ...', '“人生苦短,我用Python” 不解释,先上车', '人生苦短,我用Python', '人生苦短,我用Python(目录) - WuSir_ZJ - 博客园', '“人生苦短,我用Python” - 简书']"...
Start matching>>>>>>
2019-06-02 23:31:23,035 - ElementOperation - INFO - Matching success！
2019-06-02 23:31:23,118 - ElementOperation - INFO - Positioned the elements ('xpath', '//*[@id = "content_left"]//*[@class = "t"]').
2019-06-02 23:31:23,203 - Baidu > Index - INFO - ['为何说人生苦短我用Python', 'Python崛起:“人生苦短,我用Python”并非一句戏言 - qq..._CSDN博客', '为什么说”人生苦短,我用python“? - IT。拾荒者 - 博客园', '为什么说”人生苦短,我用python“? - ZhangQiye1993的..._CSDN博客', '为什么说《人生苦短我用 Python 》,我感觉应该是《我用 Python ...', '“人生苦短,我用Python” 不解释,先上车', '人生苦短,我用Python', '人生苦短,我用Python(目录) - WuSir_ZJ - 博客园', '“人生苦短,我用Python” - 简书']
2019-06-02 23:31:28,170 - BrowserEngine - INFO - Starting Chrome browser.
2019-06-02 23:31:32,144 - BrowserEngine - INFO - Open url: http://www.baidu.com/
2019-06-02 23:31:32,144 - BrowserEngine - INFO - Maximize the current window.
2019-06-02 23:31:32,146 - BrowserEngine - INFO - Set implicitly wait 2 seconds.
2019-06-02 23:31:32,190 - ElementOperation - INFO - Positioned the element ('link text', '新闻')[0].
2019-06-02 23:31:32,207 - ElementOperation - INFO - The text of the target element is "新闻",the actual text is "新闻"...
Start matching>>>>>>
2019-06-02 23:31:32,207 - ElementOperation - INFO - Matching success！
2019-06-02 23:31:32,236 - ElementOperation - INFO - Positioned the element ('link text', '新闻')[0].
2019-06-02 23:31:34,476 - ElementOperation - INFO - Click  -->  ('link text', '新闻')[0] success
2019-06-02 23:31:36,542 - ElementOperation - ERROR - Failed to position the element ('link text', '新闻')[0]!
2019-06-02 23:31:36,570 - ElementOperation - INFO - Positioned the element ('xpath', '//*[text()="国内"]')[0].
2019-06-02 23:31:36,599 - ElementOperation - INFO - Positioned the element ('id', 'imgView')[0].
2019-06-02 23:31:36,684 - ElementOperation - INFO - Click  -->  ('id', 'imgView')[0] success
2019-06-02 23:31:36,710 - ElementOperation - INFO - Closing current window.
