2019-06-02 23:23:33,063 - BrowserEngine - INFO - Starting Chrome browser.
2019-06-02 23:23:39,083 - BrowserEngine - INFO - Open url: http://www.baidu.com/
2019-06-02 23:23:39,084 - BrowserEngine - INFO - Maximize the current window.
2019-06-02 23:23:39,089 - BrowserEngine - INFO - Set implicitly wait 2 seconds.
2019-06-02 23:23:39,149 - ElementOperation - INFO - Positioned the element ('id', 'kw')[0].
2019-06-02 23:23:39,395 - ElementOperation - INFO - SendKeys  -->  ('id', 'kw')[0] success
2019-06-02 23:23:39,418 - ElementOperation - INFO - Positioned the element ('id', 'su')[0].
2019-06-02 23:23:39,470 - ElementOperation - INFO - Click  -->  ('id', 'su')[0] success
2019-06-02 23:23:40,320 - ElementOperation - INFO - Positioned the element ('class name', 'nums_text')[0].
2019-06-02 23:23:40,458 - ElementOperation - INFO - Positioned the elements ('xpath', '//*[@id = "content_left"]//*[@class = "t"]').
2019-06-02 23:23:40,607 - Baidu > Index - INFO - ['Python大法好 - 微信公众号:虾神daxialu(咨询问题请加) - CSDN博客', '专栏:Python大法好 - CSDN博客', 'python大法好——面向对象 - null? - 博客园', 'Python大法好', 'Python大法好啊 - 简书', 'python大法好,这些你可不要忽略了! - 云+社区 - 腾讯云', 'python大法好——飞机大战完整吧 - null? - 博客园', '如何理解python大法好_百度知道', '如何理解python大法好? - 知乎']
2019-06-02 23:23:40,622 - ElementOperation - INFO - Positioned the element ('id', 'kw')[0].
2019-06-02 23:23:40,739 - ElementOperation - INFO - SendKeys  -->  ('id', 'kw')[0] success
2019-06-02 23:23:40,755 - ElementOperation - INFO - Positioned the element ('id', 'su')[0].
2019-06-02 23:23:40,797 - ElementOperation - INFO - Click  -->  ('id', 'su')[0] success
2019-06-02 23:23:40,879 - ElementOperation - INFO - Positioned the elements ('xpath', '//*[@id = "content_left"]//*[@class = "t"]').
2019-06-02 23:23:40,967 - ElementOperation - INFO - The text of the target element is "['Python大法好 - 微信公众号:虾神daxialu(咨询问题请加) - CSDN博客', '专栏:Python大法好 - CSDN博客', 'python大法好——面向对象 - null? - 博客园', 'Python大法好', 'Python大法好啊 - 简书', 'python大法好,这些你可不要忽略了! - 云+社区 - 腾讯云', 'python大法好——飞机大战完整吧 - null? - 博客园', '如何理解python大法好_百度知道', '如何理解python大法好? - 知乎']",the actual text is "['Python大法好 - 微信公众号:虾神daxialu(咨询问题请加) - CSDN博客', '专栏:Python大法好 - CSDN博客', 'python大法好——面向对象 - null? - 博客园', 'Python大法好', 'Python大法好啊 - 简书', 'python大法好,这些你可不要忽略了! - 云+社区 - 腾讯云', 'python大法好——飞机大战完整吧 - null? - 博客园', '如何理解python大法好_百度知道', '如何理解python大法好? - 知乎']"...
Start matching>>>>>>
2019-06-02 23:23:40,967 - ElementOperation - INFO - Sleep for 0.5 seconds
2019-06-02 23:23:41,548 - ElementOperation - INFO - Positioned the elements ('xpath', '//*[@id = "content_left"]//*[@class = "t"]').
2019-06-02 23:23:46,767 - BrowserEngine - INFO - Starting Chrome browser.
2019-06-02 23:23:51,148 - BrowserEngine - INFO - Open url: http://www.baidu.com/
2019-06-02 23:23:51,148 - BrowserEngine - INFO - Maximize the current window.
2019-06-02 23:23:51,149 - BrowserEngine - INFO - Set implicitly wait 2 seconds.
2019-06-02 23:23:51,184 - ElementOperation - INFO - Positioned the element ('link text', '新闻')[0].
2019-06-02 23:23:51,198 - ElementOperation - INFO - The text of the target element is "新闻",the actual text is "新闻"...
Start matching>>>>>>
2019-06-02 23:23:51,198 - ElementOperation - INFO - Matching success！
2019-06-02 23:23:51,218 - ElementOperation - INFO - Positioned the element ('link text', '新闻')[0].
2019-06-02 23:23:52,966 - ElementOperation - INFO - Click  -->  ('link text', '新闻')[0] success
2019-06-02 23:23:55,079 - ElementOperation - ERROR - Failed to position the element ('link text', '新闻')[0]!
2019-06-02 23:23:55,110 - ElementOperation - INFO - Positioned the element ('xpath', '//*[text()="国内"]')[0].
2019-06-02 23:23:55,143 - ElementOperation - INFO - Positioned the element ('id', 'imgView')[0].
2019-06-02 23:23:55,235 - ElementOperation - INFO - Click  -->  ('id', 'imgView')[0] success
2019-06-02 23:23:55,276 - ElementOperation - INFO - Closing current window.
